<?xml version="1.0" encoding="UTF-8"?>
<!-- Generated by org.testng.reporters.JUnitReportReporter -->
<testsuite skipped="0" hostname="ITEM-S81633" name="oAuth2.automatingOAuth2" tests="1" failures="0" timestamp="21 May 2020 12:46:33 GMT" time="5.534" errors="0">
  <testcase name="Test1" time="5.534" classname="oAuth2.automatingOAuth2"/>
</testsuite> <!-- oAuth2.automatingOAuth2 -->
