<?xml version="1.0" encoding="UTF-8"?>
<!-- Generated by org.testng.reporters.JUnitReportReporter -->
<testsuite skipped="0" hostname="ITEM-S81633" name="pojo.CustomerCall" tests="1" failures="0" timestamp="17 Jun 2020 11:00:29 GMT" time="3.251" errors="1">
  <testcase name="Test1" time="3.251" classname="pojo.CustomerCall">
    <error type="com.fasterxml.jackson.databind.exc.UnrecognizedPropertyException" message="Unrecognized field &quot;courses&quot; (class pojo.customerDetails), not marked as ignorable (4 known properties: &quot;coursesDetails&quot;, &quot;name&quot;, &quot;jobDetails&quot;, &quot;custId&quot;])
 at [Source: (String)&quot;{
    &quot;custId&quot;: &quot;001&quot;,
    &quot;name&quot;: &quot;Harneet&quot;,
    &quot;courses&quot;: {
        &quot;WebAutomation&quot;: [
            {
                &quot;courseName&quot;: &quot;Java&quot;,
                &quot;price&quot;: &quot;50&quot;
            },
            {
                &quot;courseName&quot;: &quot;Python&quot;,
                &quot;price&quot;: &quot;500&quot;
            }
        ],
        &quot;Api&quot;: [
            {
                &quot;courseName&quot;: &quot;CCNA&quot;,
                &quot;price&quot;: &quot;80&quot;
            },
            {
                &quot;courseName&quot;: &quot;RPA&quot;,
                &quot;price&quot;: &quot;100&quot;
       &quot;[truncated 431 chars]; line: 4, column: 17] (through reference chain: pojo.customerDetails[&quot;courses&quot;])">
      <![CDATA[com.fasterxml.jackson.databind.exc.UnrecognizedPropertyException: Unrecognized field "courses" (class pojo.customerDetails), not marked as ignorable (4 known properties: "coursesDetails", "name", "jobDetails", "custId"])
 at [Source: (String)"{
    "custId": "001",
    "name": "Harneet",
    "courses": {
        "WebAutomation": [
            {
                "courseName": "Java",
                "price": "50"
            },
            {
                "courseName": "Python",
                "price": "500"
            }
        ],
        "Api": [
            {
                "courseName": "CCNA",
                "price": "80"
            },
            {
                "courseName": "RPA",
                "price": "100"
       "[truncated 431 chars]; line: 4, column: 17] (through reference chain: pojo.customerDetails["courses"])
at com.fasterxml.jackson.databind.exc.UnrecognizedPropertyException.from(UnrecognizedPropertyException.java:61)
at com.fasterxml.jackson.databind.DeserializationContext.handleUnknownProperty(DeserializationContext.java:840)
at com.fasterxml.jackson.databind.deser.std.StdDeserializer.handleUnknownProperty(StdDeserializer.java:1206)
at com.fasterxml.jackson.databind.deser.BeanDeserializerBase.handleUnknownProperty(BeanDeserializerBase.java:1592)
at com.fasterxml.jackson.databind.deser.BeanDeserializerBase.handleUnknownVanilla(BeanDeserializerBase.java:1570)
at com.fasterxml.jackson.databind.deser.BeanDeserializer.vanillaDeserialize(BeanDeserializer.java:294)
at com.fasterxml.jackson.databind.deser.BeanDeserializer.deserialize(BeanDeserializer.java:151)
at com.fasterxml.jackson.databind.ObjectMapper._readMapAndClose(ObjectMapper.java:4202)
at com.fasterxml.jackson.databind.ObjectMapper.readValue(ObjectMapper.java:3205)
at com.fasterxml.jackson.databind.ObjectMapper$readValue$0.call(Unknown Source)
at org.codehaus.groovy.runtime.callsite.CallSiteArray.defaultCall(CallSiteArray.java:47)
at org.codehaus.groovy.runtime.callsite.AbstractCallSite.call(AbstractCallSite.java:115)
at org.codehaus.groovy.runtime.callsite.AbstractCallSite.call(AbstractCallSite.java:135)
at io.restassured.internal.path.json.mapping.JsonPathJackson2ObjectDeserializer.deserialize(JsonPathJackson2ObjectDeserializer.groovy:46)
at io.restassured.path.json.mapping.JsonPathObjectDeserializer$deserialize.call(Unknown Source)
at org.codehaus.groovy.runtime.callsite.CallSiteArray.defaultCall(CallSiteArray.java:47)
at org.codehaus.groovy.runtime.callsite.AbstractCallSite.call(AbstractCallSite.java:115)
at org.codehaus.groovy.runtime.callsite.AbstractCallSite.call(AbstractCallSite.java:127)
at io.restassured.internal.mapping.Jackson2Mapper.deserialize(Jackson2Mapper.groovy:58)
at io.restassured.mapper.ObjectMapper$deserialize.call(Unknown Source)
at org.codehaus.groovy.runtime.callsite.CallSiteArray.defaultCall(CallSiteArray.java:47)
at org.codehaus.groovy.runtime.callsite.AbstractCallSite.call(AbstractCallSite.java:115)
at org.codehaus.groovy.runtime.callsite.AbstractCallSite.call(AbstractCallSite.java:127)
at io.restassured.internal.mapping.ObjectMapping.parseWithJackson2(ObjectMapping.groovy:238)
at io.restassured.internal.mapping.ObjectMapping$parseWithJackson2$0.callStatic(Unknown Source)
at org.codehaus.groovy.runtime.callsite.CallSiteArray.defaultCallStatic(CallSiteArray.java:55)
at org.codehaus.groovy.runtime.callsite.AbstractCallSite.callStatic(AbstractCallSite.java:196)
at org.codehaus.groovy.runtime.callsite.AbstractCallSite.callStatic(AbstractCallSite.java:216)
at io.restassured.internal.mapping.ObjectMapping.deserialize(ObjectMapping.groovy:59)
at io.restassured.internal.mapping.ObjectMapping$deserialize.call(Unknown Source)
at org.codehaus.groovy.runtime.callsite.CallSiteArray.defaultCall(CallSiteArray.java:47)
at org.codehaus.groovy.runtime.callsite.AbstractCallSite.call(AbstractCallSite.java:115)
at io.restassured.internal.RestAssuredResponseOptionsGroovyImpl.as(RestAssuredResponseOptionsGroovyImpl.groovy:226)
at io.restassured.internal.RestAssuredResponseOptionsImpl.as(RestAssuredResponseOptionsImpl.java:169)
at pojo.CustomerCall.Test1(CustomerCall.java:26)
at sun.reflect.NativeMethodAccessorImpl.invoke0(Native Method)
at sun.reflect.NativeMethodAccessorImpl.invoke(Unknown Source)
at sun.reflect.DelegatingMethodAccessorImpl.invoke(Unknown Source)
at java.lang.reflect.Method.invoke(Unknown Source)
at org.testng.internal.MethodInvocationHelper.invokeMethod(MethodInvocationHelper.java:124)
at org.testng.internal.Invoker.invokeMethod(Invoker.java:583)
at org.testng.internal.Invoker.invokeTestMethod(Invoker.java:719)
at org.testng.internal.Invoker.invokeTestMethods(Invoker.java:989)
at org.testng.internal.TestMethodWorker.invokeTestMethods(TestMethodWorker.java:125)
at org.testng.internal.TestMethodWorker.run(TestMethodWorker.java:109)
at org.testng.TestRunner.privateRun(TestRunner.java:648)
at org.testng.TestRunner.run(TestRunner.java:505)
at org.testng.SuiteRunner.runTest(SuiteRunner.java:455)
at org.testng.SuiteRunner.access$000(SuiteRunner.java:40)
at org.testng.SuiteRunner$SuiteWorker.run(SuiteRunner.java:489)
at org.testng.internal.thread.ThreadUtil$1.call(ThreadUtil.java:52)
at java.util.concurrent.FutureTask.run(Unknown Source)
at java.util.concurrent.ThreadPoolExecutor.runWorker(Unknown Source)
at java.util.concurrent.ThreadPoolExecutor$Worker.run(Unknown Source)
at java.lang.Thread.run(Unknown Source)
]]>
    </error>
  </testcase> <!-- Test1 -->
</testsuite> <!-- pojo.CustomerCall -->
