<?xml version="1.0" encoding="UTF-8"?>
<!-- Generated by org.testng.reporters.JUnitReportReporter -->
<testsuite skipped="0" hostname="ITEM-S81633" name="oAuth2.googleCode" tests="4" failures="0" timestamp="09 Jun 2020 10:46:19 GMT" time="43.335" errors="0">
  <testcase name="test1" time="7.053" classname="oAuth2.googleCode"/>
  <testcase name="test3" time="8.357" classname="oAuth2.googleCode"/>
  <testcase name="test4" time="16.240" classname="oAuth2.googleCode"/>
  <testcase name="test2" time="11.685" classname="oAuth2.googleCode"/>
</testsuite> <!-- oAuth2.googleCode -->
